<?xml version="1.0" encoding="UTF-8"?>
<!-- Generated by org.testng.reporters.JUnitReportReporter -->
<testsuite skipped="0" hostname="LAPTOP-2NIBFOQN" name="com.training.opportunity.Opportunitytest" tests="5" failures="0" timestamp="2021-10-13T13:42:49 CDT" time="209.129" errors="0">
  <testcase name="Opportunitypipeline" time="32.411" classname="com.training.opportunity.Opportunitytest"/>
  <system-out/>
  <testcase name="StuckOpportunitiesReport" time="32.783" classname="com.training.opportunity.Opportunitytest"/>
  <system-out/>
  <testcase name="QuarterlySummaryReport" time="42.696" classname="com.training.opportunity.Opportunitytest"/>
  <system-out/>
  <testcase name="Opportunitydropdown" time="33.234" classname="com.training.opportunity.Opportunitytest"/>
  <system-out/>
  <testcase name="CreateNewopportunity" time="68.005" classname="com.training.opportunity.Opportunitytest"/>
  <system-out/>
</testsuite> <!-- com.training.opportunity.Opportunitytest -->
