<?xml version="1.0" encoding="UTF-8"?>
<!-- Generated by org.testng.reporters.JUnitReportReporter -->
<testsuite skipped="0" hostname="LAPTOP-2NIBFOQN" name="com.training.contacts.Contactstest" tests="8" failures="0" timestamp="2021-10-13T16:08:42 CDT" time="321.792" errors="0">
  <testcase name="CheckCancelButton" time="33.446" classname="com.training.contacts.Contactstest"/>
  <system-out/>
  <testcase name="CreateNewcontact" time="55.791" classname="com.training.contacts.Contactstest"/>
  <system-out/>
  <testcase name="ErrorMessage" time="32.879" classname="com.training.contacts.Contactstest"/>
  <system-out/>
  <testcase name="newviewinContactPage" time="33.603" classname="com.training.contacts.Contactstest"/>
  <system-out/>
  <testcase name="CheckMycontacts" time="34.803" classname="com.training.contacts.Contactstest"/>
  <system-out/>
  <testcase name="CheckingSaveandNewbutton" time="41.276" classname="com.training.contacts.Contactstest"/>
  <system-out/>
  <testcase name="Viewcontacts" time="42.631" classname="com.training.contacts.Contactstest"/>
  <system-out/>
  <testcase name="Checkrecentlycreatedcontact" time="47.363" classname="com.training.contacts.Contactstest"/>
  <system-out/>
</testsuite> <!-- com.training.contacts.Contactstest -->
