<?xml version="1.0" encoding="UTF-8"?>
<!-- Generated by org.testng.reporters.JUnitReportReporter -->
<testsuite skipped="0" hostname="LAPTOP-2NIBFOQN" name="com.training.leads.Leadstest" tests="5" failures="0" timestamp="2021-10-13T15:53:22 CDT" time="220.149" errors="0">
  <testcase name="Defaultview" time="93.051" classname="com.training.leads.Leadstest"/>
  <system-out/>
  <testcase name="Listhandle" time="36.446" classname="com.training.leads.Leadstest"/>
  <system-out/>
  <testcase name="TodaysLeads" time="28.984" classname="com.training.leads.Leadstest"/>
  <system-out/>
  <testcase name="CheckNewButtononleads" time="34.251" classname="com.training.leads.Leadstest"/>
  <system-out/>
  <testcase name="LeadsTab" time="27.417" classname="com.training.leads.Leadstest"/>
  <system-out/>
</testsuite> <!-- com.training.leads.Leadstest -->
