<?xml version="1.0" encoding="UTF-8"?>
<!-- Generated by org.testng.reporters.JUnitReportReporter -->
<testsuite skipped="0" hostname="LAPTOP-2NIBFOQN" name="com.training.test.login.LoginTest" tests="1" failures="0" timestamp="2022-01-24T17:16:31 CST" time="3.204" errors="0">
  <testcase name="LoginErrorMessage1" time="3.204" classname="com.training.test.login.LoginTest"/>
  <system-out/>
</testsuite> <!-- com.training.test.login.LoginTest -->
