<?xml version="1.0" encoding="UTF-8"?>
<!-- Generated by org.testng.reporters.JUnitReportReporter -->
<testsuite skipped="0" hostname="LAPTOP-2NIBFOQN" name="com.training.test.home.HomeTest" tests="1" failures="0" timestamp="2022-01-24T17:52:13 CST" time="20.684" errors="0">
  <testcase name="selecteDevelopersConsole" time="20.684" classname="com.training.test.home.HomeTest"/>
  <system-out/>
</testsuite> <!-- com.training.test.home.HomeTest -->
